<?xml version="1.0" encoding="UTF-8"?>
<testsuite name="com.unique.test.simpleInterestTest" tests="1" skipped="0" failures="0" errors="0" timestamp="2022-12-21T12:32:28" hostname="localhost.localdomain" time="0.007">
  <properties/>
  <testcase name="zeroValues" classname="com.unique.test.simpleInterestTest" time="0.007"/>
  <system-out><![CDATA[the simple interest is : 0
]]></system-out>
  <system-err><![CDATA[]]></system-err>
</testsuite>
